<?xml version="1.0" encoding="UTF-8"?>
<!-- Generated by org.testng.reporters.JUnitReportReporter -->
<testsuite hostname="EC2AMAZ-S11DBRH" failures="0" tests="2" name="runners.CRMRunner$GooglePageRunner" time="0.166" errors="0" timestamp="2024-05-07T07:23:09 GMT" skipped="0">
  <testcase classname="runners.CRMRunner$GooglePageRunner" name="runScenario" time="0.145"/>
  <system-out/>
  <testcase classname="runners.CRMRunner$GooglePageRunner" name="runScenario" time="0.021"/>
  <system-out/>
</testsuite> <!-- runners.CRMRunner$GooglePageRunner -->
