<?xml version="1.0" encoding="UTF-8"?>
<!-- Generated by org.testng.reporters.JUnitReportReporter -->
<testsuite hostname="LAPTOP-MH1Q61PL" failures="0" tests="9" name="runners.CRMRunner$GooglePageRunner" time="0.219" errors="0" timestamp="2024-05-08T10:37:31 IST" skipped="0">
  <testcase classname="runners.CRMRunner$GooglePageRunner" name="runScenario" time="0.015"/>
  <system-out/>
  <testcase classname="runners.CRMRunner$GooglePageRunner" name="runScenario" time="0.013"/>
  <system-out/>
  <testcase classname="runners.CRMRunner$GooglePageRunner" name="runScenario" time="0.013"/>
  <system-out/>
  <testcase classname="runners.CRMRunner$GooglePageRunner" name="runScenario" time="0.008"/>
  <system-out/>
  <testcase classname="runners.CRMRunner$GooglePageRunner" name="runScenario" time="0.117"/>
  <system-out/>
  <testcase classname="runners.CRMRunner$GooglePageRunner" name="runScenario" time="0.013"/>
  <system-out/>
  <testcase classname="runners.CRMRunner$GooglePageRunner" name="runScenario" time="0.012"/>
  <system-out/>
  <testcase classname="runners.CRMRunner$GooglePageRunner" name="runScenario" time="0.011"/>
  <system-out/>
  <testcase classname="runners.CRMRunner$GooglePageRunner" name="runScenario" time="0.017"/>
  <system-out/>
</testsuite> <!-- runners.CRMRunner$GooglePageRunner -->
