<?xml version="1.0" encoding="UTF-8"?>
<!-- Generated by org.testng.reporters.JUnitReportReporter -->
<testsuite hostname="EC2AMAZ-S11DBRH" failures="0" tests="3" name="runners.ParallelRunner" time="24.449" errors="0" timestamp="2024-05-07T06:12:49 GMT" skipped="0">
  <testcase classname="runners.ParallelRunner" name="runScenario" time="8.533"/>
  <system-out/>
  <testcase classname="runners.ParallelRunner" name="runScenario" time="7.683"/>
  <system-out/>
  <testcase classname="runners.ParallelRunner" name="runScenario" time="8.233"/>
  <system-out/>
</testsuite> <!-- runners.ParallelRunner -->
