<?xml version="1.0" encoding="UTF-8"?>
<!-- Generated by org.testng.reporters.JUnitReportReporter -->
<testsuite hostname="EC2AMAZ-S11DBRH" failures="0" tests="1" name="runners.GooglePageRunner" time="6.196" errors="0" timestamp="2024-05-07T05:32:49 GMT" skipped="0">
  <testcase classname="runners.GooglePageRunner" name="runScenario" time="6.196"/>
  <system-out/>
</testsuite> <!-- runners.GooglePageRunner -->
