<?xml version="1.0" encoding="UTF-8"?>
<!-- Generated by org.testng.reporters.JUnitReportReporter -->
<testsuite hostname="EC2AMAZ-S11DBRH" failures="0" tests="3" name="runners.GooglePageRunner" time="14.734" errors="0" timestamp="2024-05-06T07:24:04 GMT" skipped="0">
  <testcase classname="runners.GooglePageRunner" name="runScenario" time="5.601"/>
  <system-out/>
  <testcase classname="runners.GooglePageRunner" name="runScenario" time="4.206"/>
  <system-out/>
  <testcase classname="runners.GooglePageRunner" name="runScenario" time="4.927"/>
  <system-out/>
</testsuite> <!-- runners.GooglePageRunner -->
